[ERROR] 2017-09-11 10:33:53,135 org.apache.thrift.server.TThreadedSelectorServer - Interrupted while joining threads!
java.lang.InterruptedException
	at java.lang.Object.wait(Native Method)
	at java.lang.Thread.join(Thread.java:1280)
	at java.lang.Thread.join(Thread.java:1354)
	at org.apache.thrift.server.TThreadedSelectorServer.joinThreads(TThreadedSelectorServer.java:251)
	at org.apache.thrift.server.TThreadedSelectorServer.waitForShutdown(TThreadedSelectorServer.java:241)
	at org.apache.thrift.server.AbstractNonblockingServer.serve(AbstractNonblockingServer.java:95)
	at com.xmniao.proxy.ThriftProxyFactory.run(ThriftProxyFactory.java:96)
	at org.springframework.scheduling.support.DelegatingErrorHandlingRunnable.run(DelegatingErrorHandlingRunnable.java:54)
	at java.util.concurrent.Executors$RunnableAdapter.call(Executors.java:471)
	at java.util.concurrent.FutureTask.run(FutureTask.java:262)
	at java.util.concurrent.ScheduledThreadPoolExecutor$ScheduledFutureTask.access$201(ScheduledThreadPoolExecutor.java:178)
	at java.util.concurrent.ScheduledThreadPoolExecutor$ScheduledFutureTask.run(ScheduledThreadPoolExecutor.java:292)
	at java.util.concurrent.ThreadPoolExecutor.runWorker(ThreadPoolExecutor.java:1145)
	at java.util.concurrent.ThreadPoolExecutor$Worker.run(ThreadPoolExecutor.java:615)
	at java.lang.Thread.run(Thread.java:744)
[ERROR] 2017-09-11 15:56:04,204 org.apache.thrift.server.TThreadedSelectorServer - Interrupted while joining threads!
java.lang.InterruptedException
	at java.lang.Object.wait(Native Method)
	at java.lang.Thread.join(Thread.java:1280)
	at java.lang.Thread.join(Thread.java:1354)
	at org.apache.thrift.server.TThreadedSelectorServer.joinThreads(TThreadedSelectorServer.java:251)
	at org.apache.thrift.server.TThreadedSelectorServer.waitForShutdown(TThreadedSelectorServer.java:241)
	at org.apache.thrift.server.AbstractNonblockingServer.serve(AbstractNonblockingServer.java:95)
	at com.xmniao.proxy.ThriftProxyFactory.run(ThriftProxyFactory.java:96)
	at org.springframework.scheduling.support.DelegatingErrorHandlingRunnable.run(DelegatingErrorHandlingRunnable.java:54)
	at java.util.concurrent.Executors$RunnableAdapter.call(Executors.java:471)
	at java.util.concurrent.FutureTask.run(FutureTask.java:262)
	at java.util.concurrent.ScheduledThreadPoolExecutor$ScheduledFutureTask.access$201(ScheduledThreadPoolExecutor.java:178)
	at java.util.concurrent.ScheduledThreadPoolExecutor$ScheduledFutureTask.run(ScheduledThreadPoolExecutor.java:292)
	at java.util.concurrent.ThreadPoolExecutor.runWorker(ThreadPoolExecutor.java:1145)
	at java.util.concurrent.ThreadPoolExecutor$Worker.run(ThreadPoolExecutor.java:615)
	at java.lang.Thread.run(Thread.java:744)
[ERROR] 2017-09-11 15:58:10,390 org.apache.thrift.server.TThreadedSelectorServer - Interrupted while joining threads!
java.lang.InterruptedException
	at java.lang.Object.wait(Native Method)
	at java.lang.Thread.join(Thread.java:1280)
	at java.lang.Thread.join(Thread.java:1354)
	at org.apache.thrift.server.TThreadedSelectorServer.joinThreads(TThreadedSelectorServer.java:251)
	at org.apache.thrift.server.TThreadedSelectorServer.waitForShutdown(TThreadedSelectorServer.java:241)
	at org.apache.thrift.server.AbstractNonblockingServer.serve(AbstractNonblockingServer.java:95)
	at com.xmniao.proxy.ThriftProxyFactory.run(ThriftProxyFactory.java:96)
	at org.springframework.scheduling.support.DelegatingErrorHandlingRunnable.run(DelegatingErrorHandlingRunnable.java:54)
	at java.util.concurrent.Executors$RunnableAdapter.call(Executors.java:471)
	at java.util.concurrent.FutureTask.run(FutureTask.java:262)
	at java.util.concurrent.ScheduledThreadPoolExecutor$ScheduledFutureTask.access$201(ScheduledThreadPoolExecutor.java:178)
	at java.util.concurrent.ScheduledThreadPoolExecutor$ScheduledFutureTask.run(ScheduledThreadPoolExecutor.java:292)
	at java.util.concurrent.ThreadPoolExecutor.runWorker(ThreadPoolExecutor.java:1145)
	at java.util.concurrent.ThreadPoolExecutor$Worker.run(ThreadPoolExecutor.java:615)
	at java.lang.Thread.run(Thread.java:744)
[ERROR] 2017-09-11 16:14:53,550 org.apache.thrift.server.TThreadedSelectorServer - Interrupted while joining threads!
java.lang.InterruptedException
	at java.lang.Object.wait(Native Method)
	at java.lang.Thread.join(Thread.java:1280)
	at java.lang.Thread.join(Thread.java:1354)
	at org.apache.thrift.server.TThreadedSelectorServer.joinThreads(TThreadedSelectorServer.java:251)
	at org.apache.thrift.server.TThreadedSelectorServer.waitForShutdown(TThreadedSelectorServer.java:241)
	at org.apache.thrift.server.AbstractNonblockingServer.serve(AbstractNonblockingServer.java:95)
	at com.xmniao.proxy.ThriftProxyFactory.run(ThriftProxyFactory.java:96)
	at org.springframework.scheduling.support.DelegatingErrorHandlingRunnable.run(DelegatingErrorHandlingRunnable.java:54)
	at java.util.concurrent.Executors$RunnableAdapter.call(Executors.java:471)
	at java.util.concurrent.FutureTask.run(FutureTask.java:262)
	at java.util.concurrent.ScheduledThreadPoolExecutor$ScheduledFutureTask.access$201(ScheduledThreadPoolExecutor.java:178)
	at java.util.concurrent.ScheduledThreadPoolExecutor$ScheduledFutureTask.run(ScheduledThreadPoolExecutor.java:292)
	at java.util.concurrent.ThreadPoolExecutor.runWorker(ThreadPoolExecutor.java:1145)
	at java.util.concurrent.ThreadPoolExecutor$Worker.run(ThreadPoolExecutor.java:615)
	at java.lang.Thread.run(Thread.java:744)
[ERROR] 2017-09-11 16:16:28,493 org.apache.thrift.server.TThreadedSelectorServer - Interrupted while joining threads!
java.lang.InterruptedException
	at java.lang.Object.wait(Native Method)
	at java.lang.Thread.join(Thread.java:1280)
	at java.lang.Thread.join(Thread.java:1354)
	at org.apache.thrift.server.TThreadedSelectorServer.joinThreads(TThreadedSelectorServer.java:251)
	at org.apache.thrift.server.TThreadedSelectorServer.waitForShutdown(TThreadedSelectorServer.java:241)
	at org.apache.thrift.server.AbstractNonblockingServer.serve(AbstractNonblockingServer.java:95)
	at com.xmniao.proxy.ThriftProxyFactory.run(ThriftProxyFactory.java:96)
	at org.springframework.scheduling.support.DelegatingErrorHandlingRunnable.run(DelegatingErrorHandlingRunnable.java:54)
	at java.util.concurrent.Executors$RunnableAdapter.call(Executors.java:471)
	at java.util.concurrent.FutureTask.run(FutureTask.java:262)
	at java.util.concurrent.ScheduledThreadPoolExecutor$ScheduledFutureTask.access$201(ScheduledThreadPoolExecutor.java:178)
	at java.util.concurrent.ScheduledThreadPoolExecutor$ScheduledFutureTask.run(ScheduledThreadPoolExecutor.java:292)
	at java.util.concurrent.ThreadPoolExecutor.runWorker(ThreadPoolExecutor.java:1145)
	at java.util.concurrent.ThreadPoolExecutor$Worker.run(ThreadPoolExecutor.java:615)
	at java.lang.Thread.run(Thread.java:744)
