[ERROR] 2017-08-29 09:12:24,567 org.apache.thrift.server.TThreadedSelectorServer - Interrupted while joining threads!
java.lang.InterruptedException
	at java.lang.Object.wait(Native Method)
	at java.lang.Thread.join(Thread.java:1280)
	at java.lang.Thread.join(Thread.java:1354)
	at org.apache.thrift.server.TThreadedSelectorServer.joinThreads(TThreadedSelectorServer.java:251)
	at org.apache.thrift.server.TThreadedSelectorServer.waitForShutdown(TThreadedSelectorServer.java:241)
	at org.apache.thrift.server.AbstractNonblockingServer.serve(AbstractNonblockingServer.java:95)
	at com.xmniao.proxy.ThriftProxyFactory.run(ThriftProxyFactory.java:96)
	at org.springframework.scheduling.support.DelegatingErrorHandlingRunnable.run(DelegatingErrorHandlingRunnable.java:54)
	at java.util.concurrent.Executors$RunnableAdapter.call(Executors.java:471)
	at java.util.concurrent.FutureTask.run(FutureTask.java:262)
	at java.util.concurrent.ScheduledThreadPoolExecutor$ScheduledFutureTask.access$201(ScheduledThreadPoolExecutor.java:178)
	at java.util.concurrent.ScheduledThreadPoolExecutor$ScheduledFutureTask.run(ScheduledThreadPoolExecutor.java:292)
	at java.util.concurrent.ThreadPoolExecutor.runWorker(ThreadPoolExecutor.java:1145)
	at java.util.concurrent.ThreadPoolExecutor$Worker.run(ThreadPoolExecutor.java:615)
	at java.lang.Thread.run(Thread.java:744)
[ERROR] 2017-08-29 09:13:45,458 org.apache.thrift.server.TThreadedSelectorServer - Interrupted while joining threads!
java.lang.InterruptedException
	at java.lang.Object.wait(Native Method)
	at java.lang.Thread.join(Thread.java:1280)
	at java.lang.Thread.join(Thread.java:1354)
	at org.apache.thrift.server.TThreadedSelectorServer.joinThreads(TThreadedSelectorServer.java:251)
	at org.apache.thrift.server.TThreadedSelectorServer.waitForShutdown(TThreadedSelectorServer.java:241)
	at org.apache.thrift.server.AbstractNonblockingServer.serve(AbstractNonblockingServer.java:95)
	at com.xmniao.proxy.ThriftProxyFactory.run(ThriftProxyFactory.java:96)
	at org.springframework.scheduling.support.DelegatingErrorHandlingRunnable.run(DelegatingErrorHandlingRunnable.java:54)
	at java.util.concurrent.Executors$RunnableAdapter.call(Executors.java:471)
	at java.util.concurrent.FutureTask.run(FutureTask.java:262)
	at java.util.concurrent.ScheduledThreadPoolExecutor$ScheduledFutureTask.access$201(ScheduledThreadPoolExecutor.java:178)
	at java.util.concurrent.ScheduledThreadPoolExecutor$ScheduledFutureTask.run(ScheduledThreadPoolExecutor.java:292)
	at java.util.concurrent.ThreadPoolExecutor.runWorker(ThreadPoolExecutor.java:1145)
	at java.util.concurrent.ThreadPoolExecutor$Worker.run(ThreadPoolExecutor.java:615)
	at java.lang.Thread.run(Thread.java:744)
[ERROR] 2017-08-29 09:16:47,904 org.apache.thrift.server.TThreadedSelectorServer - Interrupted while joining threads!
java.lang.InterruptedException
	at java.lang.Object.wait(Native Method)
	at java.lang.Thread.join(Thread.java:1280)
	at java.lang.Thread.join(Thread.java:1354)
	at org.apache.thrift.server.TThreadedSelectorServer.joinThreads(TThreadedSelectorServer.java:251)
	at org.apache.thrift.server.TThreadedSelectorServer.waitForShutdown(TThreadedSelectorServer.java:241)
	at org.apache.thrift.server.AbstractNonblockingServer.serve(AbstractNonblockingServer.java:95)
	at com.xmniao.proxy.ThriftProxyFactory.run(ThriftProxyFactory.java:96)
	at org.springframework.scheduling.support.DelegatingErrorHandlingRunnable.run(DelegatingErrorHandlingRunnable.java:54)
	at java.util.concurrent.Executors$RunnableAdapter.call(Executors.java:471)
	at java.util.concurrent.FutureTask.run(FutureTask.java:262)
	at java.util.concurrent.ScheduledThreadPoolExecutor$ScheduledFutureTask.access$201(ScheduledThreadPoolExecutor.java:178)
	at java.util.concurrent.ScheduledThreadPoolExecutor$ScheduledFutureTask.run(ScheduledThreadPoolExecutor.java:292)
	at java.util.concurrent.ThreadPoolExecutor.runWorker(ThreadPoolExecutor.java:1145)
	at java.util.concurrent.ThreadPoolExecutor$Worker.run(ThreadPoolExecutor.java:615)
	at java.lang.Thread.run(Thread.java:744)
[ERROR] 2017-08-29 09:38:20,621 com.xmniao.proxy.ThriftProxyFactory - 服务端口已占用...org.apache.thrift.transport.TTransportException: Could not create ServerSocket on address 0.0.0.0/0.0.0.0:7911.
[ERROR] 2017-08-29 09:39:22,593 org.apache.thrift.server.TThreadedSelectorServer - Interrupted while joining threads!
java.lang.InterruptedException
	at java.lang.Object.wait(Native Method)
	at java.lang.Thread.join(Thread.java:1280)
	at java.lang.Thread.join(Thread.java:1354)
	at org.apache.thrift.server.TThreadedSelectorServer.joinThreads(TThreadedSelectorServer.java:251)
	at org.apache.thrift.server.TThreadedSelectorServer.waitForShutdown(TThreadedSelectorServer.java:241)
	at org.apache.thrift.server.AbstractNonblockingServer.serve(AbstractNonblockingServer.java:95)
	at com.xmniao.proxy.ThriftProxyFactory.run(ThriftProxyFactory.java:96)
	at org.springframework.scheduling.support.DelegatingErrorHandlingRunnable.run(DelegatingErrorHandlingRunnable.java:54)
	at java.util.concurrent.Executors$RunnableAdapter.call(Executors.java:471)
	at java.util.concurrent.FutureTask.run(FutureTask.java:262)
	at java.util.concurrent.ScheduledThreadPoolExecutor$ScheduledFutureTask.access$201(ScheduledThreadPoolExecutor.java:178)
	at java.util.concurrent.ScheduledThreadPoolExecutor$ScheduledFutureTask.run(ScheduledThreadPoolExecutor.java:292)
	at java.util.concurrent.ThreadPoolExecutor.runWorker(ThreadPoolExecutor.java:1145)
	at java.util.concurrent.ThreadPoolExecutor$Worker.run(ThreadPoolExecutor.java:615)
	at java.lang.Thread.run(Thread.java:744)
[ERROR] 2017-08-29 10:02:54,240 org.apache.thrift.server.TThreadedSelectorServer - Interrupted while joining threads!
java.lang.InterruptedException
	at java.lang.Object.wait(Native Method)
	at java.lang.Thread.join(Thread.java:1280)
	at java.lang.Thread.join(Thread.java:1354)
	at org.apache.thrift.server.TThreadedSelectorServer.joinThreads(TThreadedSelectorServer.java:251)
	at org.apache.thrift.server.TThreadedSelectorServer.waitForShutdown(TThreadedSelectorServer.java:241)
	at org.apache.thrift.server.AbstractNonblockingServer.serve(AbstractNonblockingServer.java:95)
	at com.xmniao.proxy.ThriftProxyFactory.run(ThriftProxyFactory.java:96)
	at org.springframework.scheduling.support.DelegatingErrorHandlingRunnable.run(DelegatingErrorHandlingRunnable.java:54)
	at java.util.concurrent.Executors$RunnableAdapter.call(Executors.java:471)
	at java.util.concurrent.FutureTask.run(FutureTask.java:262)
	at java.util.concurrent.ScheduledThreadPoolExecutor$ScheduledFutureTask.access$201(ScheduledThreadPoolExecutor.java:178)
	at java.util.concurrent.ScheduledThreadPoolExecutor$ScheduledFutureTask.run(ScheduledThreadPoolExecutor.java:292)
	at java.util.concurrent.ThreadPoolExecutor.runWorker(ThreadPoolExecutor.java:1145)
	at java.util.concurrent.ThreadPoolExecutor$Worker.run(ThreadPoolExecutor.java:615)
	at java.lang.Thread.run(Thread.java:744)
[ERROR] 2017-08-29 10:14:40,181 org.apache.thrift.server.TThreadedSelectorServer - Interrupted while joining threads!
java.lang.InterruptedException
	at java.lang.Object.wait(Native Method)
	at java.lang.Thread.join(Thread.java:1280)
	at java.lang.Thread.join(Thread.java:1354)
	at org.apache.thrift.server.TThreadedSelectorServer.joinThreads(TThreadedSelectorServer.java:251)
	at org.apache.thrift.server.TThreadedSelectorServer.waitForShutdown(TThreadedSelectorServer.java:241)
	at org.apache.thrift.server.AbstractNonblockingServer.serve(AbstractNonblockingServer.java:95)
	at com.xmniao.proxy.ThriftProxyFactory.run(ThriftProxyFactory.java:96)
	at org.springframework.scheduling.support.DelegatingErrorHandlingRunnable.run(DelegatingErrorHandlingRunnable.java:54)
	at java.util.concurrent.Executors$RunnableAdapter.call(Executors.java:471)
	at java.util.concurrent.FutureTask.run(FutureTask.java:262)
	at java.util.concurrent.ScheduledThreadPoolExecutor$ScheduledFutureTask.access$201(ScheduledThreadPoolExecutor.java:178)
	at java.util.concurrent.ScheduledThreadPoolExecutor$ScheduledFutureTask.run(ScheduledThreadPoolExecutor.java:292)
	at java.util.concurrent.ThreadPoolExecutor.runWorker(ThreadPoolExecutor.java:1145)
	at java.util.concurrent.ThreadPoolExecutor$Worker.run(ThreadPoolExecutor.java:615)
	at java.lang.Thread.run(Thread.java:744)
[ERROR] 2017-08-29 10:32:24,868 org.apache.thrift.server.TThreadedSelectorServer - Interrupted while joining threads!
java.lang.InterruptedException
	at java.lang.Object.wait(Native Method)
	at java.lang.Thread.join(Thread.java:1280)
	at java.lang.Thread.join(Thread.java:1354)
	at org.apache.thrift.server.TThreadedSelectorServer.joinThreads(TThreadedSelectorServer.java:251)
	at org.apache.thrift.server.TThreadedSelectorServer.waitForShutdown(TThreadedSelectorServer.java:241)
	at org.apache.thrift.server.AbstractNonblockingServer.serve(AbstractNonblockingServer.java:95)
	at com.xmniao.proxy.ThriftProxyFactory.run(ThriftProxyFactory.java:96)
	at org.springframework.scheduling.support.DelegatingErrorHandlingRunnable.run(DelegatingErrorHandlingRunnable.java:54)
	at java.util.concurrent.Executors$RunnableAdapter.call(Executors.java:471)
	at java.util.concurrent.FutureTask.run(FutureTask.java:262)
	at java.util.concurrent.ScheduledThreadPoolExecutor$ScheduledFutureTask.access$201(ScheduledThreadPoolExecutor.java:178)
	at java.util.concurrent.ScheduledThreadPoolExecutor$ScheduledFutureTask.run(ScheduledThreadPoolExecutor.java:292)
	at java.util.concurrent.ThreadPoolExecutor.runWorker(ThreadPoolExecutor.java:1145)
	at java.util.concurrent.ThreadPoolExecutor$Worker.run(ThreadPoolExecutor.java:615)
	at java.lang.Thread.run(Thread.java:744)
