[DEBUG] 2017-09-11 11:02:45,686 io.netty.util.internal.logging.InternalLoggerFactory - Using SLF4J as the default logging framework
[DEBUG] 2017-09-11 11:02:45,715 io.netty.channel.MultithreadEventLoopGroup - -Dio.netty.eventLoopThreads: 8
[DEBUG] 2017-09-11 11:02:45,723 io.netty.util.internal.PlatformDependent0 - java.nio.Buffer.address: available
[DEBUG] 2017-09-11 11:02:45,724 io.netty.util.internal.PlatformDependent0 - sun.misc.Unsafe.theUnsafe: available
[DEBUG] 2017-09-11 11:02:45,724 io.netty.util.internal.PlatformDependent0 - sun.misc.Unsafe.copyMemory: available
[DEBUG] 2017-09-11 11:02:45,725 io.netty.util.internal.PlatformDependent0 - java.nio.Bits.unaligned: true
[DEBUG] 2017-09-11 11:02:45,725 io.netty.util.internal.PlatformDependent - Platform: Windows
[DEBUG] 2017-09-11 11:02:45,726 io.netty.util.internal.PlatformDependent - Java version: 7
[DEBUG] 2017-09-11 11:02:45,726 io.netty.util.internal.PlatformDependent - -Dio.netty.noUnsafe: false
[DEBUG] 2017-09-11 11:02:45,726 io.netty.util.internal.PlatformDependent - sun.misc.Unsafe: available
[DEBUG] 2017-09-11 11:02:45,726 io.netty.util.internal.PlatformDependent - -Dio.netty.noJavassist: false
[DEBUG] 2017-09-11 11:02:45,727 io.netty.util.internal.PlatformDependent - Javassist: unavailable
[DEBUG] 2017-09-11 11:02:45,727 io.netty.util.internal.PlatformDependent - You don't have Javassist in your class path or you don't have enough permission to load dynamically generated classes.  Please check the configuration for better performance.
[DEBUG] 2017-09-11 11:02:45,728 io.netty.util.internal.PlatformDependent - -Dio.netty.tmpdir: C:\Users\ADMINI~1\AppData\Local\Temp (java.io.tmpdir)
[DEBUG] 2017-09-11 11:02:45,728 io.netty.util.internal.PlatformDependent - -Dio.netty.bitMode: 64 (sun.arch.data.model)
[DEBUG] 2017-09-11 11:02:45,728 io.netty.util.internal.PlatformDependent - -Dio.netty.noPreferDirect: false
[DEBUG] 2017-09-11 11:02:45,750 io.netty.channel.nio.NioEventLoop - -Dio.netty.noKeySetOptimization: false
[DEBUG] 2017-09-11 11:02:45,751 io.netty.channel.nio.NioEventLoop - -Dio.netty.selectorAutoRebuildThreshold: 512
[DEBUG] 2017-09-11 11:02:45,876 io.netty.util.internal.ThreadLocalRandom - -Dio.netty.initialSeedUniquifier: 0xc49aad0d1cc5cf73 (took 8 ms)
[DEBUG] 2017-09-11 11:02:45,899 io.netty.buffer.ByteBufUtil - -Dio.netty.allocator.type: unpooled
[DEBUG] 2017-09-11 11:02:45,899 io.netty.buffer.ByteBufUtil - -Dio.netty.threadLocalDirectBufferSize: 65536
[DEBUG] 2017-09-11 11:02:45,946 io.netty.util.Recycler - -Dio.netty.recycler.maxCapacity.default: 262144
[DEBUG] 2017-09-11 11:02:45,953 io.netty.util.ResourceLeakDetector - -Dio.netty.leakDetectionLevel: simple
[DEBUG] 2017-09-11 11:02:46,047 io.netty.util.internal.Cleaner0 - java.nio.ByteBuffer.cleaner(): available
[DEBUG] 2017-09-11 11:02:54,132 io.netty.util.internal.logging.InternalLoggerFactory - Using SLF4J as the default logging framework
[DEBUG] 2017-09-11 11:02:54,142 io.netty.channel.MultithreadEventLoopGroup - -Dio.netty.eventLoopThreads: 8
[DEBUG] 2017-09-11 11:02:54,150 io.netty.util.internal.PlatformDependent0 - java.nio.Buffer.address: available
[DEBUG] 2017-09-11 11:02:54,150 io.netty.util.internal.PlatformDependent0 - sun.misc.Unsafe.theUnsafe: available
[DEBUG] 2017-09-11 11:02:54,151 io.netty.util.internal.PlatformDependent0 - sun.misc.Unsafe.copyMemory: available
[DEBUG] 2017-09-11 11:02:54,151 io.netty.util.internal.PlatformDependent0 - java.nio.Bits.unaligned: true
[DEBUG] 2017-09-11 11:02:54,152 io.netty.util.internal.PlatformDependent - Platform: Windows
[DEBUG] 2017-09-11 11:02:54,152 io.netty.util.internal.PlatformDependent - Java version: 7
[DEBUG] 2017-09-11 11:02:54,152 io.netty.util.internal.PlatformDependent - -Dio.netty.noUnsafe: false
[DEBUG] 2017-09-11 11:02:54,152 io.netty.util.internal.PlatformDependent - sun.misc.Unsafe: available
[DEBUG] 2017-09-11 11:02:54,153 io.netty.util.internal.PlatformDependent - -Dio.netty.noJavassist: false
[DEBUG] 2017-09-11 11:02:54,154 io.netty.util.internal.PlatformDependent - Javassist: unavailable
[DEBUG] 2017-09-11 11:02:54,154 io.netty.util.internal.PlatformDependent - You don't have Javassist in your class path or you don't have enough permission to load dynamically generated classes.  Please check the configuration for better performance.
[DEBUG] 2017-09-11 11:02:54,154 io.netty.util.internal.PlatformDependent - -Dio.netty.tmpdir: C:\Users\ADMINI~1\AppData\Local\Temp (java.io.tmpdir)
[DEBUG] 2017-09-11 11:02:54,154 io.netty.util.internal.PlatformDependent - -Dio.netty.bitMode: 64 (sun.arch.data.model)
[DEBUG] 2017-09-11 11:02:54,154 io.netty.util.internal.PlatformDependent - -Dio.netty.noPreferDirect: false
[DEBUG] 2017-09-11 11:02:54,177 io.netty.channel.nio.NioEventLoop - -Dio.netty.noKeySetOptimization: false
[DEBUG] 2017-09-11 11:02:54,177 io.netty.channel.nio.NioEventLoop - -Dio.netty.selectorAutoRebuildThreshold: 512
[DEBUG] 2017-09-11 11:02:54,298 io.netty.util.internal.ThreadLocalRandom - -Dio.netty.initialSeedUniquifier: 0xa6b538c035ab7cdd (took 8 ms)
[DEBUG] 2017-09-11 11:02:54,322 io.netty.buffer.ByteBufUtil - -Dio.netty.allocator.type: unpooled
[DEBUG] 2017-09-11 11:02:54,322 io.netty.buffer.ByteBufUtil - -Dio.netty.threadLocalDirectBufferSize: 65536
[DEBUG] 2017-09-11 11:02:54,342 io.netty.util.Recycler - -Dio.netty.recycler.maxCapacity.default: 262144
[DEBUG] 2017-09-11 11:02:54,348 io.netty.util.ResourceLeakDetector - -Dio.netty.leakDetectionLevel: simple
[DEBUG] 2017-09-11 11:02:54,429 io.netty.util.internal.Cleaner0 - java.nio.ByteBuffer.cleaner(): available
[DEBUG] 2017-09-11 11:03:00,191 io.netty.util.internal.logging.InternalLoggerFactory - Using SLF4J as the default logging framework
[DEBUG] 2017-09-11 11:03:00,203 io.netty.channel.MultithreadEventLoopGroup - -Dio.netty.eventLoopThreads: 8
[DEBUG] 2017-09-11 11:03:00,210 io.netty.util.internal.PlatformDependent0 - java.nio.Buffer.address: available
[DEBUG] 2017-09-11 11:03:00,210 io.netty.util.internal.PlatformDependent0 - sun.misc.Unsafe.theUnsafe: available
[DEBUG] 2017-09-11 11:03:00,211 io.netty.util.internal.PlatformDependent0 - sun.misc.Unsafe.copyMemory: available
[DEBUG] 2017-09-11 11:03:00,211 io.netty.util.internal.PlatformDependent0 - java.nio.Bits.unaligned: true
[DEBUG] 2017-09-11 11:03:00,213 io.netty.util.internal.PlatformDependent - Platform: Windows
[DEBUG] 2017-09-11 11:03:00,214 io.netty.util.internal.PlatformDependent - Java version: 7
[DEBUG] 2017-09-11 11:03:00,214 io.netty.util.internal.PlatformDependent - -Dio.netty.noUnsafe: false
[DEBUG] 2017-09-11 11:03:00,214 io.netty.util.internal.PlatformDependent - sun.misc.Unsafe: available
[DEBUG] 2017-09-11 11:03:00,214 io.netty.util.internal.PlatformDependent - -Dio.netty.noJavassist: false
[DEBUG] 2017-09-11 11:03:00,215 io.netty.util.internal.PlatformDependent - Javassist: unavailable
[DEBUG] 2017-09-11 11:03:00,216 io.netty.util.internal.PlatformDependent - You don't have Javassist in your class path or you don't have enough permission to load dynamically generated classes.  Please check the configuration for better performance.
[DEBUG] 2017-09-11 11:03:00,216 io.netty.util.internal.PlatformDependent - -Dio.netty.tmpdir: C:\Users\ADMINI~1\AppData\Local\Temp (java.io.tmpdir)
[DEBUG] 2017-09-11 11:03:00,216 io.netty.util.internal.PlatformDependent - -Dio.netty.bitMode: 64 (sun.arch.data.model)
[DEBUG] 2017-09-11 11:03:00,216 io.netty.util.internal.PlatformDependent - -Dio.netty.noPreferDirect: false
[DEBUG] 2017-09-11 11:03:00,241 io.netty.channel.nio.NioEventLoop - -Dio.netty.noKeySetOptimization: false
[DEBUG] 2017-09-11 11:03:00,241 io.netty.channel.nio.NioEventLoop - -Dio.netty.selectorAutoRebuildThreshold: 512
[DEBUG] 2017-09-11 11:03:00,363 io.netty.util.internal.ThreadLocalRandom - -Dio.netty.initialSeedUniquifier: 0xb877cc6f1678c70c (took 5 ms)
[DEBUG] 2017-09-11 11:03:00,386 io.netty.buffer.ByteBufUtil - -Dio.netty.allocator.type: unpooled
[DEBUG] 2017-09-11 11:03:00,386 io.netty.buffer.ByteBufUtil - -Dio.netty.threadLocalDirectBufferSize: 65536
[DEBUG] 2017-09-11 11:03:00,408 io.netty.util.Recycler - -Dio.netty.recycler.maxCapacity.default: 262144
[DEBUG] 2017-09-11 11:03:00,415 io.netty.util.ResourceLeakDetector - -Dio.netty.leakDetectionLevel: simple
[DEBUG] 2017-09-11 11:03:00,496 io.netty.util.internal.Cleaner0 - java.nio.ByteBuffer.cleaner(): available
